<?xml version="1.0" encoding="UTF-8"?>
<!-- Generated by org.testng.reporters.JUnitXMLReporter -->
<testsuite ignored="0" hostname="Dell" failures="0" tests="6" name="Default test" time="39.813" errors="0" timestamp="2023-11-19T16:25:43 IST">
  <testcase classname="com.Tests.LoginTest" name="loginWithValidCredentials" time="1.948"/>
  <testcase classname="com.Tests.LoginTest" name="loginWithInvalidCredentials" time="0.262"/>
  <testcase classname="com.Tests.LoginTest" name="loginWithEmptyFields" time="0.246"/>
  <testcase classname="com.Tests.LoginTest" name="loginWithInvalidUsername" time="0.234"/>
  <testcase classname="com.Tests.LoginTest" name="loginWithInvalidPassword" time="0.284"/>
  <testcase classname="com.Tests.LoginTest" name="loginWithIncorrectCredentialsMultipleTimes" time="0.595"/>
</testsuite> <!-- Default test -->
