<?xml version="1.0" encoding="UTF-8"?>
<testng-results ignored="0" total="6" passed="6" failed="0" skipped="0">
  <reporter-output>
  </reporter-output>
  <suite started-at="2023-11-19T16:25:03 IST" name="Default suite" finished-at="2023-11-19T16:25:43 IST" duration-ms="39813">
    <groups>
    </groups>
    <test started-at="2023-11-19T16:25:03 IST" name="Default test" finished-at="2023-11-19T16:25:43 IST" duration-ms="39813">
      <class name="com.Tests.LoginTest">
        <test-method is-config="true" signature="setUp()[pri:0, instance:com.Tests.LoginTest@3ee37e5a]" started-at="2023-11-19T16:25:03 IST" name="setUp" finished-at="2023-11-19T16:25:06 IST" duration-ms="2997" status="PASS">
          <reporter-output>
          </reporter-output>
        </test-method> <!-- setUp -->
        <test-method signature="loginWithValidCredentials()[pri:1, instance:com.Tests.LoginTest@3ee37e5a]" started-at="2023-11-19T16:25:06 IST" name="loginWithValidCredentials" finished-at="2023-11-19T16:25:08 IST" duration-ms="1948" status="PASS">
          <reporter-output>
          </reporter-output>
        </test-method> <!-- loginWithValidCredentials -->
        <test-method is-config="true" signature="tearDown()[pri:0, instance:com.Tests.LoginTest@3ee37e5a]" started-at="2023-11-19T16:25:08 IST" name="tearDown" finished-at="2023-11-19T16:25:08 IST" duration-ms="320" status="PASS">
          <reporter-output>
          </reporter-output>
        </test-method> <!-- tearDown -->
        <test-method is-config="true" signature="setUp()[pri:0, instance:com.Tests.LoginTest@3ee37e5a]" started-at="2023-11-19T16:25:08 IST" name="setUp" finished-at="2023-11-19T16:25:10 IST" duration-ms="2178" status="PASS">
          <reporter-output>
          </reporter-output>
        </test-method> <!-- setUp -->
        <test-method signature="loginWithInvalidCredentials()[pri:2, instance:com.Tests.LoginTest@3ee37e5a]" started-at="2023-11-19T16:25:10 IST" name="loginWithInvalidCredentials" finished-at="2023-11-19T16:25:10 IST" duration-ms="262" status="PASS">
          <reporter-output>
          </reporter-output>
        </test-method> <!-- loginWithInvalidCredentials -->
        <test-method is-config="true" signature="tearDown()[pri:0, instance:com.Tests.LoginTest@3ee37e5a]" started-at="2023-11-19T16:25:10 IST" name="tearDown" finished-at="2023-11-19T16:25:11 IST" duration-ms="275" status="PASS">
          <reporter-output>
          </reporter-output>
        </test-method> <!-- tearDown -->
        <test-method is-config="true" signature="setUp()[pri:0, instance:com.Tests.LoginTest@3ee37e5a]" started-at="2023-11-19T16:25:11 IST" name="setUp" finished-at="2023-11-19T16:25:13 IST" duration-ms="2323" status="PASS">
          <reporter-output>
          </reporter-output>
        </test-method> <!-- setUp -->
        <test-method signature="loginWithEmptyFields()[pri:3, instance:com.Tests.LoginTest@3ee37e5a]" started-at="2023-11-19T16:25:13 IST" name="loginWithEmptyFields" finished-at="2023-11-19T16:25:13 IST" duration-ms="246" status="PASS">
          <reporter-output>
          </reporter-output>
        </test-method> <!-- loginWithEmptyFields -->
        <test-method is-config="true" signature="tearDown()[pri:0, instance:com.Tests.LoginTest@3ee37e5a]" started-at="2023-11-19T16:25:13 IST" name="tearDown" finished-at="2023-11-19T16:25:14 IST" duration-ms="329" status="PASS">
          <reporter-output>
          </reporter-output>
        </test-method> <!-- tearDown -->
        <test-method is-config="true" signature="setUp()[pri:0, instance:com.Tests.LoginTest@3ee37e5a]" started-at="2023-11-19T16:25:14 IST" name="setUp" finished-at="2023-11-19T16:25:16 IST" duration-ms="2081" status="PASS">
          <reporter-output>
          </reporter-output>
        </test-method> <!-- setUp -->
        <test-method signature="loginWithInvalidUsername()[pri:4, instance:com.Tests.LoginTest@3ee37e5a]" started-at="2023-11-19T16:25:16 IST" name="loginWithInvalidUsername" finished-at="2023-11-19T16:25:16 IST" duration-ms="234" status="PASS">
          <reporter-output>
          </reporter-output>
        </test-method> <!-- loginWithInvalidUsername -->
        <test-method is-config="true" signature="tearDown()[pri:0, instance:com.Tests.LoginTest@3ee37e5a]" started-at="2023-11-19T16:25:16 IST" name="tearDown" finished-at="2023-11-19T16:25:16 IST" duration-ms="309" status="PASS">
          <reporter-output>
          </reporter-output>
        </test-method> <!-- tearDown -->
        <test-method is-config="true" signature="setUp()[pri:0, instance:com.Tests.LoginTest@3ee37e5a]" started-at="2023-11-19T16:25:16 IST" name="setUp" finished-at="2023-11-19T16:25:26 IST" duration-ms="9843" status="PASS">
          <reporter-output>
          </reporter-output>
        </test-method> <!-- setUp -->
        <test-method signature="loginWithInvalidPassword()[pri:5, instance:com.Tests.LoginTest@3ee37e5a]" started-at="2023-11-19T16:25:26 IST" name="loginWithInvalidPassword" finished-at="2023-11-19T16:25:26 IST" duration-ms="284" status="PASS">
          <reporter-output>
          </reporter-output>
        </test-method> <!-- loginWithInvalidPassword -->
        <test-method is-config="true" signature="tearDown()[pri:0, instance:com.Tests.LoginTest@3ee37e5a]" started-at="2023-11-19T16:25:26 IST" name="tearDown" finished-at="2023-11-19T16:25:27 IST" duration-ms="272" status="PASS">
          <reporter-output>
          </reporter-output>
        </test-method> <!-- tearDown -->
        <test-method is-config="true" signature="setUp()[pri:0, instance:com.Tests.LoginTest@3ee37e5a]" started-at="2023-11-19T16:25:27 IST" name="setUp" finished-at="2023-11-19T16:25:42 IST" duration-ms="14944" status="PASS">
          <reporter-output>
          </reporter-output>
        </test-method> <!-- setUp -->
        <test-method signature="loginWithIncorrectCredentialsMultipleTimes()[pri:6, instance:com.Tests.LoginTest@3ee37e5a]" started-at="2023-11-19T16:25:42 IST" name="loginWithIncorrectCredentialsMultipleTimes" finished-at="2023-11-19T16:25:42 IST" duration-ms="595" status="PASS">
          <reporter-output>
          </reporter-output>
        </test-method> <!-- loginWithIncorrectCredentialsMultipleTimes -->
        <test-method is-config="true" signature="tearDown()[pri:0, instance:com.Tests.LoginTest@3ee37e5a]" started-at="2023-11-19T16:25:42 IST" name="tearDown" finished-at="2023-11-19T16:25:43 IST" duration-ms="323" status="PASS">
          <reporter-output>
          </reporter-output>
        </test-method> <!-- tearDown -->
      </class> <!-- com.Tests.LoginTest -->
    </test> <!-- Default test -->
  </suite> <!-- Default suite -->
</testng-results>
